<?xml version="1.0" encoding="UTF-8"?>
<testsuite name="com.kyh_01_02.hello_spring.service.MemberServiceTest" tests="4" skipped="0" failures="0" errors="0" timestamp="2025-02-27T22:54:16" hostname="YunJi.local" time="0.005">
  <properties/>
  <testcase name="findOne()" classname="com.kyh_01_02.hello_spring.service.MemberServiceTest" time="0.0"/>
  <testcase name="join()" classname="com.kyh_01_02.hello_spring.service.MemberServiceTest" time="0.002"/>
  <testcase name="중복_회원_예외()" classname="com.kyh_01_02.hello_spring.service.MemberServiceTest" time="0.002"/>
  <testcase name="findMembers()" classname="com.kyh_01_02.hello_spring.service.MemberServiceTest" time="0.001"/>
  <system-out><![CDATA[]]></system-out>
  <system-err><![CDATA[]]></system-err>
</testsuite>
